#
# There is insufficient memory for the Java Runtime Environment to continue.
# Native memory allocation (malloc) failed to allocate 32744 bytes for ChunkPool::allocate
# Possible reasons:
#   The system is out of physical RAM or swap space
#   In 32 bit mode, the process size limit was hit
# Possible solutions:
#   Reduce memory load on the system
#   Increase physical memory or swap space
#   Check if swap backing store is full
#   Use 64 bit Java on a 64 bit OS
#   Decrease Java heap size (-Xmx/-Xms)
#   Decrease number of Java threads
#   Decrease Java thread stack sizes (-Xss)
#   Set larger code cache with -XX:ReservedCodeCacheSize=
# This output file may be truncated or incomplete.
#
#  Out of Memory Error (allocation.cpp:273), pid=6684, tid=0x0000000000001aac
#
# JRE version: Java(TM) SE Runtime Environment (8.0_101-b13) (build 1.8.0_101-b13)
# Java VM: Java HotSpot(TM) 64-Bit Server VM (25.101-b13 mixed mode windows-amd64 compressed oops)
# Failed to write core dump. Minidumps are not enabled by default on client versions of Windows
#

---------------  T H R E A D  ---------------

Current thread (0x000000005523d000):  JavaThread "C1 CompilerThread2" daemon [_thread_in_vm, id=6828, stack(0x00000000570f0000,0x00000000571f0000)]

Stack: [0x00000000570f0000,0x00000000571f0000]
[error occurred during error reporting (printing stack bounds), id 0xc0000005]

Native frames: (J=compiled Java code, j=interpreted, Vv=VM code, C=native code)


---------------  P R O C E S S  ---------------

Java Threads: ( => current thread )
=>0x000000005523d000 JavaThread "C1 CompilerThread2" daemon [_thread_in_vm, id=6828, stack(0x00000000570f0000,0x00000000571f0000)]
  0x0000000056538000 JavaThread "C2 CompilerThread1" daemon [_thread_in_vm, id=1520, stack(0x0000000056f00000,0x0000000057000000)]
  0x0000000056534000 JavaThread "C2 CompilerThread0" daemon [_thread_new, id=6692, stack(0x0000000000000000,0x0000000000000000)]
  0x0000000055234800 JavaThread "Attach Listener" daemon [_thread_new, id=1748, stack(0x0000000000000000,0x0000000000000000)]
  0x0000000055233000 JavaThread "Signal Dispatcher" daemon [_thread_blocked, id=6316, stack(0x0000000056b10000,0x0000000056c10000)]
  0x0000000055213800 JavaThread "Finalizer" daemon [_thread_blocked, id=6236, stack(0x0000000056330000,0x0000000056430000)]
  0x00000000551d2000 JavaThread "Reference Handler" daemon [_thread_blocked, id=1852, stack(0x0000000056430000,0x0000000056530000)]
  0x00000000021de000 JavaThread "main" [_thread_in_native, id=4348, stack(0x0000000002420000,0x0000000002520000)]

Other Threads:
  0x00000000551ca800 VMThread [stack: 0x0000000056150000,0x0000000056250000] [id=2188]

VM state:not at safepoint (normal execution)

VM Mutex/Monitor currently owned by a thread: None

Heap:
 PSYoungGen      total 37888K, used 655K [0x00000000eab00000, 0x00000000ed500000, 0x0000000100000000)
  eden space 32768K, 2% used [0x00000000eab00000,0x00000000eaba3d80,0x00000000ecb00000)
  from space 5120K, 0% used [0x00000000ed000000,0x00000000ed000000,0x00000000ed500000)
  to   space 5120K, 0% used [0x00000000ecb00000,0x00000000ecb00000,0x00000000ed000000)
 ParOldGen       total 86016K, used 0K [0x00000000c0000000, 0x00000000c5400000, 0x00000000eab00000)
  object space 86016K, 0% used [0x00000000c0000000,0x00000000c0000000,0x00000000c5400000)
 Metaspace       used 2064K, capacity 4480K, committed 4480K, reserved 1056768K
  class space    used 228K, capacity 384K, committed 384K, reserved 1048576K

Card table byte_map: [0x0000000011bb0000,0x0000000011dc0000] byte_map_base: 0x00000000115b0000

Marking Bits: (ParMarkBitMap*) 0x000000006eb9a6d0
 Begin Bits: [0x0000000012640000, 0x0000000013640000)
 End Bits:   [0x0000000013640000, 0x0000000014640000)

Polling page: 0x0000000001b80000

CodeCache: size=245760Kb used=433Kb max_used=444Kb free=245326Kb
 bounds [0x00000000027f0000, 0x0000000002a60000, 0x00000000117f0000]
 total_blobs=165 nmethods=0 adapters=126
 compilation: enabled

Compilation events (0 events):
No events

GC Heap History (0 events):
No events

Deoptimization events (0 events):
No events

Internal exceptions (2 events):
Event: 0.078 Thread 0x00000000021de000 Exception <a 'java/lang/NoSuchMethodError': Method sun.misc.Unsafe.defineClass(Ljava/lang/String;[BII)Ljava/lang/Class; name or signature does not match> (0x00000000eab07cc0) thrown at [C:\re\workspace\8-2-build-windows-amd64-cygwin\jdk8u101\7261\hotspot\sYæa´?
Event: 0.078 Thread 0x00000000021de000 Exception <a 'java/lang/NoSuchMethodError': Method sun.misc.Unsafe.prefetchRead(Ljava/lang/Object;J)V name or signature does not match> (0x00000000eab07fa8) thrown at [C:\re\workspace\8-2-build-windows-amd64-cygwin\jdk8u101\7261\hotspot\src\share\vm\prims\

Events (10 events):
Event: 0.139 loading class sun/net/www/protocol/jar/Handler done
Event: 0.139 loading class sun/misc/Launcher$AppClassLoader$1
Event: 0.139 loading class sun/misc/Launcher$AppClassLoader$1 done
Event: 0.141 loading class java/lang/SystemClassLoaderAction
Event: 0.141 loading class java/lang/SystemClassLoaderAction done
Event: 0.142 Thread 0x0000000055233000 Thread added: 0x0000000055233000
Event: 0.142 Thread 0x0000000055234800 Thread added: 0x0000000055234800
Event: 0.142 Thread 0x0000000056534000 Thread added: 0x0000000056534000
Event: 0.142 Thread 0x0000000056538000 Thread added: 0x0000000056538000
Event: 0.143 Thread 0x000000005523d000 Thread added: 0x000000005523d000


Dynamic libraries:
0x000000013f560000 - 0x000000013f597000 	C:\Program Files\Java\jdk1.8.0_101\bin\java.exe
0x00000000771f0000 - 0x000000007739b000 	C:\Windows\SYSTEM32\ntdll.dll
0x00000000770d0000 - 0x00000000771ef000 	C:\Windows\system32\kernel32.dll
0x000007fefd240000 - 0x000007fefd2aa000 	C:\Windows\system32\KERNELBASE.dll
0x000007fefed50000 - 0x000007fefee2b000 	C:\Windows\system32\ADVAPI32.dll
0x000007fefe790000 - 0x000007fefe82f000 	C:\Windows\system32\msvcrt.dll
0x000007fefeac0000 - 0x000007fefeadf000 	C:\Windows\SYSTEM32\sechost.dll
0x000007fefd4f0000 - 0x000007fefd61d000 	C:\Windows\system32\RPCRT4.dll
0x0000000076fd0000 - 0x00000000770ca000 	C:\Windows\system32\USER32.dll
0x000007fefd370000 - 0x000007fefd3d7000 	C:\Windows\system32\GDI32.dll
0x000007fefe6e0000 - 0x000007fefe6ee000 	C:\Windows\system32\LPK.dll
0x000007fefe610000 - 0x000007fefe6da000 	C:\Windows\system32\USP10.dll
0x000007fefb990000 - 0x000007fefbb84000 	C:\Windows\WinSxS\amd64_microsoft.windows.common-controls_6595b64144ccf1df_6.0.7601.18837_none_fa3b1e3d17594757\COMCTL32.dll
0x000007fefea40000 - 0x000007fefeab1000 	C:\Windows\system32\SHLWAPI.dll
0x000007fefd6c0000 - 0x000007fefd6ee000 	C:\Windows\system32\IMM32.DLL
0x000007fefd3e0000 - 0x000007fefd4e9000 	C:\Windows\system32\MSCTF.dll
0x000007fefd1b0000 - 0x000007fefd1b5000 	C:\Windows\system32\api-ms-win-downlevel-advapi32-l1-1-0.dll
0x000007fefcd40000 - 0x000007fefcd65000 	C:\Windows\system32\SspiCli.dll
0x000000006a280000 - 0x000000006a352000 	C:\Program Files\Java\jdk1.8.0_101\jre\bin\msvcr100.dll
0x000000006e380000 - 0x000000006ec1a000 	C:\Program Files\Java\jdk1.8.0_101\jre\bin\server\jvm.dll
0x000007fef7500000 - 0x000007fef7509000 	C:\Windows\system32\WSOCK32.dll
0x000007feff3d0000 - 0x000007feff41d000 	C:\Windows\system32\WS2_32.dll
0x000007fefed40000 - 0x000007fefed48000 	C:\Windows\system32\NSI.dll
0x000007fefaef0000 - 0x000007fefaf2b000 	C:\Windows\system32\WINMM.dll
0x000007fefc020000 - 0x000007fefc02c000 	C:\Windows\system32\VERSION.dll
0x00000000773b0000 - 0x00000000773b7000 	C:\Windows\system32\PSAPI.DLL
0x0000000074bc0000 - 0x0000000074bcf000 	C:\Program Files\Java\jdk1.8.0_101\jre\bin\verify.dll
0x0000000074b90000 - 0x0000000074bb9000 	C:\Program Files\Java\jdk1.8.0_101\jre\bin\java.dll
0x0000000074b70000 - 0x0000000074b86000 	C:\Program Files\Java\jdk1.8.0_101\jre\bin\zip.dll
0x000007fefd880000 - 0x000007fefe60c000 	C:\Windows\system32\SHELL32.dll
0x000007fefe830000 - 0x000007fefea33000 	C:\Windows\system32\ole32.dll
0x000007fefcf40000 - 0x000007fefcf4f000 	C:\Windows\system32\profapi.dll

VM Arguments:
jvm_args: -Djava.awt.headless=true -Xmx1024M -Dfile.encoding=windows-1252 -Duser.country=US -Duser.language=en -Duser.variant 
java_command: com.android.dx.command.Main --dex --force-jumbo --num-threads=4 --multi-dex --output C:\Users\Paul\AndroidStudioProjects\StockHawk-1\app\build\intermediates\transforms\dex\debug\folders\1000\5\slice_2 C:\Users\Paul\AndroidStudioProjects\StockHawk-1\app\build\intermediates\transforms\instantRunSlicer\debug\folders\1\5\slice_2
java_class_path (initial): C:\Users\Paul\AppData\Local\Android\sdk\build-tools\23.0.3\lib\dx.jar
Launcher Type: SUN_STANDARD

Environment Variables:
CLASSPATH=%CLASSPATH%;JUnit\junit4.12.jar;JUnit\junit4.12.jar;JUnit\junit4.12.jar
PATH=C:\ProgramData\Oracle\Java\javapath;C:\Python27\;C:\Python27\Scripts;C:\Python34\;C:\Python34\Scripts;C:\Windows\system32;C:\Windows;C:\Windows\System32\Wbem;C:\Windows\System32\WindowsPowerShell\v1.0\;C:\Program Files\Intel\WiFi\bin\;C:\Program Files\Common Files\Intel\WirelessCommon\;C:\Program Files\Crucial\Crucial Storage Executive\;C:\Python30\;C:\Program Files\Git\cmd\;C:\Program Files\Crucial\Crucial Storage Executive;C:\Users\Paul\AppData\Local\Android\sdk\platform-tools\;C:\Users\Paul\gradle;C:\Program Files (x86)\Lenovo\Access Connections\;C:\sqlite\;C:\JUnit;C:\Program Files (x86)\Skype\Phone\;C:\Program Files\Intel\WiFi\bin\;C:\Program Files\Common Files\Intel\WirelessCommon\
USERNAME=Paul
OS=Windows_NT
PROCESSOR_IDENTIFIER=Intel64 Family 6 Model 37 Stepping 5, GenuineIntel



---------------  S Y S T E M  ---------------

OS: Windows 7 , 64 bit Build 7601 (6.1.7601.23455)

CPU:total 4 (2 cores per cpu, 2 threads per core) family 6 model 37 stepping 5, cmov, cx8, fxsr, mmx, sse, sse2, sse3, ssse3, sse4.1, sse4.2, popcnt, aes, clmul, ht, tsc, tscinvbit

Memory: 4k page, physical 8179368k(996212k free), swap 8177508k(5096k free)

vm_info: Java HotSpot(TM) 64-Bit Server VM (25.101-b13) for windows-amd64 JRE (1.8.0_101-b13), built on Jun 22 2016 01:21:29 by "java_re" with MS VC++ 10.0 (VS2010)

time: Sun Aug 28 19:08:25 2016
elapsed time: 0 seconds (0d 0h 0m 0s)

